2024-06-11 07:19:20,549 [ERROR] LogOutputStream:75 - [STDERR_REDIRECT] 
2024-06-11 10:07:53,996 [INFO] Activator:176 - 


2024-06-11 10:07:53,997 [INFO] Activator:177 - !SESSION log4j initialized
2024-06-11 10:07:57,462 [INFO] LogOutputStream:77 - [STDOUT_REDIRECT] 
2024-06-11 10:08:00,024 [INFO] ApplicationProperties:184 - Using Application install path: C:\ST\STM32CubeIDE_1.15.0\STM32CubeIDE\plugins\com.st.stm32cube.common.mx_6.11.1.202404110753
2024-06-11 10:08:00,040 [INFO] DbMcusXml:78 - Set database path to: C:\ST\STM32CubeIDE_1.15.0\STM32CubeIDE\plugins\com.st.stm32cube.common.mx_6.11.1.202404110753\\db\/mcu/
2024-06-11 10:08:00,043 [INFO] ApiDb:274 - Set plugin database path to: C:\ST\STM32CubeIDE_1.15.0\STM32CubeIDE\plugins\com.st.stm32cube.common.mx_6.11.1.202404110753\\db\/plugins/boardmanager/
2024-06-11 10:08:00,043 [WARN] ApiDb:259 - Overriding images path with different value:  => C:\ST\STM32CubeIDE_1.15.0\STM32CubeIDE\plugins\com.st.stm32cube.common.mx_6.11.1.202404110753\\db\/plugins/mcufinder/images/
2024-06-11 10:08:00,047 [INFO] ApiDb:250 - Set database path to: C:\Users\admin\.stmcufinder\plugins\mcufinder//mcu/
2024-06-11 10:08:00,048 [INFO] DbMcusAds:125 - Set database path to: C:\Users\admin\.stmcufinder\plugins\mcufinder//mcu/
2024-06-11 10:08:00,050 [INFO] CrossReferenceDbSqlite:203 - Set database path to: C:\Users\admin\.stmcufinder\plugins\mcufinder//mcu/cs/
2024-06-11 10:08:00,121 [INFO] RulesReader:64 - Compatibility file has been processed (297 Rules)
2024-06-11 10:08:00,161 [INFO] DbMcusXml:78 - Set database path to: C:\ST\STM32CubeIDE_1.15.0\STM32CubeIDE\plugins\com.st.stm32cube.common.mx_6.11.1.202404110753\\db\/mcu/
2024-06-11 10:08:00,161 [INFO] ApiDb:274 - Set plugin database path to: C:\ST\STM32CubeIDE_1.15.0\STM32CubeIDE\plugins\com.st.stm32cube.common.mx_6.11.1.202404110753\\db\/plugins/boardmanager/
2024-06-11 10:08:00,161 [INFO] ApiDb:261 - Set plugin images path to: C:\ST\STM32CubeIDE_1.15.0\STM32CubeIDE\plugins\com.st.stm32cube.common.mx_6.11.1.202404110753\\db\/plugins/mcufinder/images/
2024-06-11 10:08:00,161 [WARN] DbFile:41 - Overriding database path with different value: C:\Users\admin\.stmcufinder\plugins\mcufinder/ => C:\Users\admin\.stmcufinder\plugins\mcufinder
2024-06-11 10:08:00,161 [INFO] ApiDb:250 - Set database path to: C:\Users\admin\.stmcufinder\plugins\mcufinder//mcu/
2024-06-11 10:08:00,161 [WARN] DbFile:41 - Overriding database path with different value: C:\Users\admin\.stmcufinder\plugins\mcufinder/ => C:\Users\admin\.stmcufinder\plugins\mcufinder
2024-06-11 10:08:00,161 [INFO] DbMcusAds:125 - Set database path to: C:\Users\admin\.stmcufinder\plugins\mcufinder//mcu/
2024-06-11 10:08:00,162 [WARN] DbFile:41 - Overriding database path with different value: C:\Users\admin\.stmcufinder\plugins\mcufinder/ => C:\Users\admin\.stmcufinder\plugins\mcufinder
2024-06-11 10:08:00,162 [WARN] DbFile:41 - Overriding database path with different value: C:\Users\admin\.stmcufinder\plugins\mcufinder/ => C:\Users\admin\.stmcufinder\plugins\mcufinder
2024-06-11 10:08:00,162 [INFO] CrossReferenceDbSqlite:203 - Set database path to: C:\Users\admin\.stmcufinder\plugins\mcufinder//mcu/cs/
2024-06-11 10:08:00,206 [INFO] MainPanel:264 - HeapMemory: 268435456
2024-06-11 10:08:00,255 [INFO] DbMcusXml:78 - Set database path to: C:\ST\STM32CubeIDE_1.15.0\STM32CubeIDE\plugins\com.st.stm32cube.common.mx_6.11.1.202404110753\\db\/mcu/
2024-06-11 10:08:00,255 [INFO] ApiDb:274 - Set plugin database path to: C:\ST\STM32CubeIDE_1.15.0\STM32CubeIDE\plugins\com.st.stm32cube.common.mx_6.11.1.202404110753\\db\/plugins/boardmanager/
2024-06-11 10:08:00,255 [INFO] ApiDb:261 - Set plugin images path to: C:\ST\STM32CubeIDE_1.15.0\STM32CubeIDE\plugins\com.st.stm32cube.common.mx_6.11.1.202404110753\\db\/plugins/mcufinder/images/
2024-06-11 10:08:00,255 [WARN] DbFile:41 - Overriding database path with different value: C:\Users\admin\.stmcufinder\plugins\mcufinder/ => C:\Users\admin\.stmcufinder\plugins\mcufinder
2024-06-11 10:08:00,255 [INFO] ApiDb:250 - Set database path to: C:\Users\admin\.stmcufinder\plugins\mcufinder//mcu/
2024-06-11 10:08:00,255 [WARN] DbFile:41 - Overriding database path with different value: C:\Users\admin\.stmcufinder\plugins\mcufinder/ => C:\Users\admin\.stmcufinder\plugins\mcufinder
2024-06-11 10:08:00,255 [INFO] DbMcusAds:125 - Set database path to: C:\Users\admin\.stmcufinder\plugins\mcufinder//mcu/
2024-06-11 10:08:00,255 [WARN] DbFile:41 - Overriding database path with different value: C:\Users\admin\.stmcufinder\plugins\mcufinder/ => C:\Users\admin\.stmcufinder\plugins\mcufinder
2024-06-11 10:08:00,256 [WARN] DbFile:41 - Overriding database path with different value: C:\Users\admin\.stmcufinder\plugins\mcufinder/ => C:\Users\admin\.stmcufinder\plugins\mcufinder
2024-06-11 10:08:00,256 [INFO] CrossReferenceDbSqlite:203 - Set database path to: C:\Users\admin\.stmcufinder\plugins\mcufinder//mcu/cs/
2024-06-11 10:08:00,267 [INFO] ApplicationProperties:184 - Using Application install path: C:\ST\STM32CubeIDE_1.15.0\STM32CubeIDE\plugins\com.st.stm32cube.common.mx_6.11.1.202404110753
2024-06-11 10:08:00,268 [INFO] PluginManage:196 - Search for loadable plugins [exclusion list=, ]
2024-06-11 10:08:00,269 [INFO] PluginManage:310 - Check plugin analytics
2024-06-11 10:08:00,371 [INFO] AnalyticsPlugin:253 - Accepted Software Licenses: 
2024-06-11 10:08:00,371 [INFO] AnalyticsPlugin:255 - Accepted CMSIS Pack Licenses: 
2024-06-11 10:08:00,371 [INFO] AnalyticsPlugin:257 - Accepted Firmware Licenses: FW.H7.1.11.0
2024-06-11 10:08:00,374 [INFO] PluginManage:359 - Loaded plugin analytics (category:tool,tabindex:-1)
2024-06-11 10:08:00,374 [INFO] PluginManage:310 - Check plugin cadmodel
2024-06-11 10:08:00,377 [INFO] CADModel:105 - Init CAD model plugin
2024-06-11 10:08:00,377 [INFO] PluginManage:359 - Loaded plugin cadmodel (category:power,tabindex:5)
2024-06-11 10:08:00,377 [INFO] PluginManage:310 - Check plugin clock
2024-06-11 10:08:00,383 [INFO] PluginManage:359 - Loaded plugin clock (category:base,tabindex:2)
2024-06-11 10:08:00,384 [INFO] PluginManage:310 - Check plugin ddr
2024-06-11 10:08:00,385 [INFO] PluginManage:359 - Loaded plugin ddr (category:tool,tabindex:6)
2024-06-11 10:08:00,385 [INFO] PluginManage:310 - Check plugin filemanager
2024-06-11 10:08:00,489 [INFO] PluginManage:359 - Loaded plugin filemanager (category:base,tabindex:10)
2024-06-11 10:08:00,489 [INFO] PluginManage:310 - Check plugin ipmanager
2024-06-11 10:08:00,493 [INFO] PluginManage:359 - Loaded plugin ipmanager (category:base,tabindex:5)
2024-06-11 10:08:00,493 [INFO] PluginManage:310 - Check plugin lpbam
2024-06-11 10:08:00,499 [INFO] PluginManage:359 - Loaded plugin lpbam (category:base,tabindex:0)
2024-06-11 10:08:00,499 [INFO] PluginManage:310 - Check plugin memorymap
2024-06-11 10:08:00,506 [INFO] PluginManage:359 - Loaded plugin memorymap (category:base,tabindex:4)
2024-06-11 10:08:00,506 [INFO] PluginManage:310 - Check plugin pinoutandconfiguration
2024-06-11 10:08:00,511 [INFO] PluginManage:359 - Loaded plugin pinoutandconfiguration (category:base,tabindex:1)
2024-06-11 10:08:00,511 [INFO] PluginManage:310 - Check plugin pinoutconfig
2024-06-11 10:08:00,562 [WARN] SupportedApi:132 - Cannot load RTOS API schema: s4s-elt-must-match.1: The content of 'definitions' must match (annotation?, (simpleType | complexType)?, (unique | key | keyref)*)). A problem was found starting at: attribute.
2024-06-11 10:08:00,641 [INFO] PluginManage:359 - Loaded plugin pinoutconfig (category:base,tabindex:0)
2024-06-11 10:08:00,641 [INFO] PluginManage:310 - Check plugin power
2024-06-11 10:08:00,646 [INFO] PluginManage:359 - Loaded plugin power (category:power,tabindex:4)
2024-06-11 10:08:00,646 [INFO] PluginManage:310 - Check plugin projectmanager
2024-06-11 10:08:00,655 [INFO] PluginManage:359 - Loaded plugin projectmanager (category:projectmanager,tabindex:3)
2024-06-11 10:08:00,655 [INFO] PluginManage:310 - Check plugin thirdparty
2024-06-11 10:08:00,729 [INFO] PluginManage:359 - Loaded plugin thirdparty (category:base,tabindex:-1)
2024-06-11 10:08:00,729 [INFO] PluginManage:310 - Check plugin tools
2024-06-11 10:08:00,729 [WARN] IntegrityCheckThread:84 - waiting for thirdparty lock release [integrity check]
2024-06-11 10:08:00,729 [INFO] IntegrityCheckThread:86 - entering critical section [integrity check]
2024-06-11 10:08:00,729 [INFO] ThirdPartyUpdaterWithRetryManager:70 - Updater plugin not ready yet. [1/15]
2024-06-11 10:08:00,731 [INFO] PluginManage:359 - Loaded plugin tools (category:base,tabindex:7)
2024-06-11 10:08:00,731 [INFO] PluginManage:310 - Check plugin tutovideos
2024-06-11 10:08:00,852 [INFO] PluginManage:359 - Loaded plugin tutovideos (category:base,tabindex:-1)
2024-06-11 10:08:00,852 [INFO] PluginManage:310 - Check plugin updater
2024-06-11 10:08:00,859 [INFO] PluginManage:359 - Loaded plugin updater (category:base,tabindex:12)
2024-06-11 10:08:00,859 [INFO] PluginManage:310 - Check plugin userauth
2024-06-11 10:08:00,862 [INFO] UserAuth:114 - Init User Auth plugin
2024-06-11 10:08:00,862 [INFO] PluginManage:359 - Loaded plugin userauth (category:base,tabindex:14)
2024-06-11 10:08:00,863 [INFO] PluginManage:283 - PluginManage : Loaded plugins [17]
2024-06-11 10:08:00,996 [INFO] PinOutPanel:1561 - setPackage(No Configuration,No Configuration)
2024-06-11 10:08:01,040 [INFO] CADModel:165 - CPN selected for project level
2024-06-11 10:08:01,040 [INFO] CADModel:114 - Register for checkConnection events
2024-06-11 10:08:01,052 [INFO] IPUIPlugin:80 - create IPUIPlugin
2024-06-11 10:08:01,052 [INFO] PluginManager:220 - loadIPPluginJar : add adc
2024-06-11 10:08:01,053 [INFO] IPUIPlugin:80 - create IPUIPlugin
2024-06-11 10:08:01,053 [INFO] PluginManager:220 - loadIPPluginJar : add aes
2024-06-11 10:08:01,055 [INFO] IPUIPlugin:80 - create IPUIPlugin
2024-06-11 10:08:01,055 [INFO] PluginManager:220 - loadIPPluginJar : add can
2024-06-11 10:08:01,056 [INFO] IPUIPlugin:80 - create IPUIPlugin
2024-06-11 10:08:01,056 [INFO] PluginManager:220 - loadIPPluginJar : add comp
2024-06-11 10:08:01,058 [INFO] IPUIPlugin:80 - create IPUIPlugin
2024-06-11 10:08:01,058 [INFO] PluginManager:220 - loadIPPluginJar : add cryp
2024-06-11 10:08:01,059 [INFO] IPUIPlugin:80 - create IPUIPlugin
2024-06-11 10:08:01,059 [INFO] PluginManager:220 - loadIPPluginJar : add dfsdm
2024-06-11 10:08:01,063 [INFO] IPUIPlugin:80 - create IPUIPlugin
2024-06-11 10:08:01,063 [INFO] PluginManager:220 - loadIPPluginJar : add dma
2024-06-11 10:08:01,064 [INFO] IPUIPlugin:80 - create IPUIPlugin
2024-06-11 10:08:01,064 [INFO] PluginManager:220 - loadIPPluginJar : add dma3
2024-06-11 10:08:01,066 [INFO] IPUIPlugin:80 - create IPUIPlugin
2024-06-11 10:08:01,066 [INFO] PluginManager:220 - loadIPPluginJar : add extmemmanager
2024-06-11 10:08:01,066 [INFO] IPUIPlugin:80 - create IPUIPlugin
2024-06-11 10:08:01,066 [INFO] PluginManager:220 - loadIPPluginJar : add fatfs
2024-06-11 10:08:01,069 [INFO] IPUIPlugin:80 - create IPUIPlugin
2024-06-11 10:08:01,069 [INFO] PluginManager:220 - loadIPPluginJar : add fmc
2024-06-11 10:08:01,072 [INFO] IPUIPlugin:80 - create IPUIPlugin
2024-06-11 10:08:01,072 [INFO] PluginManager:220 - loadIPPluginJar : add freertos
2024-06-11 10:08:01,073 [INFO] IPUIPlugin:80 - create IPUIPlugin
2024-06-11 10:08:01,073 [INFO] PluginManager:220 - loadIPPluginJar : add genericplugin
2024-06-11 10:08:01,074 [INFO] IPUIPlugin:80 - create IPUIPlugin
2024-06-11 10:08:01,074 [INFO] PluginManager:220 - loadIPPluginJar : add gfxmmu
2024-06-11 10:08:01,077 [INFO] IPUIPlugin:80 - create IPUIPlugin
2024-06-11 10:08:01,077 [INFO] PluginManager:220 - loadIPPluginJar : add gic
2024-06-11 10:08:01,079 [INFO] IPUIPlugin:80 - create IPUIPlugin
2024-06-11 10:08:01,079 [INFO] PluginManager:220 - loadIPPluginJar : add gpio
2024-06-11 10:08:01,080 [INFO] IPUIPlugin:80 - create IPUIPlugin
2024-06-11 10:08:01,080 [INFO] PluginManager:220 - loadIPPluginJar : add gtzc
2024-06-11 10:08:01,081 [INFO] IPUIPlugin:80 - create IPUIPlugin
2024-06-11 10:08:01,082 [INFO] PluginManager:220 - loadIPPluginJar : add hash
2024-06-11 10:08:01,083 [INFO] IPUIPlugin:80 - create IPUIPlugin
2024-06-11 10:08:01,083 [INFO] PluginManager:220 - loadIPPluginJar : add i2c
2024-06-11 10:08:01,084 [INFO] IPUIPlugin:80 - create IPUIPlugin
2024-06-11 10:08:01,084 [INFO] PluginManager:220 - loadIPPluginJar : add i2s
2024-06-11 10:08:01,085 [INFO] IPUIPlugin:80 - create IPUIPlugin
2024-06-11 10:08:01,085 [INFO] PluginManager:220 - loadIPPluginJar : add i3c
2024-06-11 10:08:01,087 [INFO] IPUIPlugin:80 - create IPUIPlugin
2024-06-11 10:08:01,087 [INFO] PluginManager:220 - loadIPPluginJar : add ipddr
2024-06-11 10:08:01,092 [INFO] IPUIPlugin:80 - create IPUIPlugin
2024-06-11 10:08:01,092 [INFO] PluginManager:220 - loadIPPluginJar : add linkedlist
2024-06-11 10:08:01,093 [INFO] IPUIPlugin:80 - create IPUIPlugin
2024-06-11 10:08:01,093 [INFO] PluginManager:220 - loadIPPluginJar : add lorawan
2024-06-11 10:08:01,094 [INFO] IPUIPlugin:80 - create IPUIPlugin
2024-06-11 10:08:01,094 [INFO] PluginManager:220 - loadIPPluginJar : add ltdc
2024-06-11 10:08:01,097 [INFO] IPUIPlugin:80 - create IPUIPlugin
2024-06-11 10:08:01,097 [INFO] PluginManager:220 - loadIPPluginJar : add mdma
2024-06-11 10:08:01,099 [INFO] IPUIPlugin:80 - create IPUIPlugin
2024-06-11 10:08:01,099 [INFO] PluginManager:220 - loadIPPluginJar : add nvic
2024-06-11 10:08:01,100 [INFO] IPUIPlugin:80 - create IPUIPlugin
2024-06-11 10:08:01,100 [INFO] PluginManager:220 - loadIPPluginJar : add opamp
2024-06-11 10:08:01,102 [INFO] IPUIPlugin:80 - create IPUIPlugin
2024-06-11 10:08:01,102 [INFO] PluginManager:220 - loadIPPluginJar : add openamp
2024-06-11 10:08:01,103 [INFO] IPUIPlugin:80 - create IPUIPlugin
2024-06-11 10:08:01,103 [INFO] PluginManager:220 - loadIPPluginJar : add pdm2pcm
2024-06-11 10:08:01,107 [INFO] IPUIPlugin:80 - create IPUIPlugin
2024-06-11 10:08:01,108 [INFO] PluginManager:220 - loadIPPluginJar : add plateformsettings
2024-06-11 10:08:01,109 [INFO] IPUIPlugin:80 - create IPUIPlugin
2024-06-11 10:08:01,109 [INFO] PluginManager:220 - loadIPPluginJar : add quadspi
2024-06-11 10:08:01,110 [INFO] IPUIPlugin:80 - create IPUIPlugin
2024-06-11 10:08:01,110 [INFO] PluginManager:220 - loadIPPluginJar : add resmgrutility
2024-06-11 10:08:01,112 [INFO] IPUIPlugin:80 - create IPUIPlugin
2024-06-11 10:08:01,112 [INFO] PluginManager:220 - loadIPPluginJar : add sai
2024-06-11 10:08:01,113 [INFO] IPUIPlugin:80 - create IPUIPlugin
2024-06-11 10:08:01,113 [INFO] PluginManager:220 - loadIPPluginJar : add spi
2024-06-11 10:08:01,116 [INFO] IPUIPlugin:80 - create IPUIPlugin
2024-06-11 10:08:01,116 [INFO] PluginManager:220 - loadIPPluginJar : add stm32_wpan
2024-06-11 10:08:01,117 [INFO] IPUIPlugin:80 - create IPUIPlugin
2024-06-11 10:08:01,117 [INFO] PluginManager:220 - loadIPPluginJar : add tim
2024-06-11 10:08:01,118 [INFO] IPUIPlugin:80 - create IPUIPlugin
2024-06-11 10:08:01,119 [INFO] PluginManager:220 - loadIPPluginJar : add touchsensing
2024-06-11 10:08:01,119 [INFO] IPUIPlugin:80 - create IPUIPlugin
2024-06-11 10:08:01,119 [INFO] PluginManager:220 - loadIPPluginJar : add tracer_emb
2024-06-11 10:08:01,120 [INFO] IPUIPlugin:80 - create IPUIPlugin
2024-06-11 10:08:01,120 [INFO] PluginManager:220 - loadIPPluginJar : add ts
2024-06-11 10:08:01,121 [INFO] IPUIPlugin:80 - create IPUIPlugin
2024-06-11 10:08:01,121 [INFO] PluginManager:220 - loadIPPluginJar : add tsc
2024-06-11 10:08:01,122 [INFO] IPUIPlugin:80 - create IPUIPlugin
2024-06-11 10:08:01,122 [INFO] PluginManager:220 - loadIPPluginJar : add ucpd
2024-06-11 10:08:01,123 [INFO] IPUIPlugin:80 - create IPUIPlugin
2024-06-11 10:08:01,123 [INFO] PluginManager:220 - loadIPPluginJar : add usart
2024-06-11 10:08:01,125 [INFO] IPUIPlugin:80 - create IPUIPlugin
2024-06-11 10:08:01,125 [INFO] PluginManager:220 - loadIPPluginJar : add usbx
2024-06-11 10:08:01,228 [INFO] CADModel:165 - CPN selected for project level
2024-06-11 10:08:01,228 [INFO] CADModel:114 - Register for checkConnection events
2024-06-11 10:08:01,228 [FATAL] Updater:308 - Updater called before beeing initialized
2024-06-11 10:08:01,228 [ERROR] CADModel:125 - Updater not yet initialized, retry later 
2024-06-11 10:08:01,305 [INFO] CADModel:165 - CPN selected for project level
2024-06-11 10:08:01,305 [INFO] CADModel:114 - Register for checkConnection events
2024-06-11 10:08:01,305 [FATAL] Updater:308 - Updater called before beeing initialized
2024-06-11 10:08:01,305 [ERROR] CADModel:125 - Updater not yet initialized, retry later 
2024-06-11 10:08:01,307 [FATAL] Updater:308 - Updater called before beeing initialized
2024-06-11 10:08:01,366 [FATAL] Updater:308 - Updater called before beeing initialized
2024-06-11 10:08:01,369 [INFO] DbMcusAds:53 - JSON generation date=Thu May 16 02:22:00 PDT 2024 (1715851320852)
2024-06-11 10:08:01,369 [FATAL] Updater:308 - Updater called before beeing initialized
2024-06-11 10:08:01,393 [WARN] DetailPanel:346 - Failed to get advertising image, set to default
2024-06-11 10:08:01,448 [FATAL] Updater:308 - Updater called before beeing initialized
2024-06-11 10:08:01,450 [FATAL] Updater:308 - Updater called before beeing initialized
2024-06-11 10:08:01,450 [FATAL] Updater:308 - Updater called before beeing initialized
2024-06-11 10:08:01,450 [WARN] DetailPanel:346 - Failed to get advertising image, set to default
2024-06-11 10:08:01,450 [FATAL] Updater:308 - Updater called before beeing initialized
2024-06-11 10:08:01,476 [ERROR] Updater:1120 - MainUpdater not yet initialized. External WinMGr cannot be set.
2024-06-11 10:08:01,477 [INFO] Updater:1056 - Updater Version found : 6.11.1
2024-06-11 10:08:01,492 [INFO] ApplicationProperties:184 - Using Application install path: C:\ST\STM32CubeIDE_1.15.0\STM32CubeIDE\plugins\com.st.stm32cube.common.mx_6.11.1.202404110753
2024-06-11 10:08:03,057 [ERROR] LogOutputStream:75 - [STDERR_REDIRECT] Jun 11, 2024 10:08:03 AM java.util.prefs.WindowsPreferences <init>
2024-06-11 10:08:03,059 [ERROR] LogOutputStream:75 - [STDERR_REDIRECT] WARNING: Could not open/create prefs root node Software\JavaSoft\Prefs at root 0xffffffff80000002. Windows RegCreateKeyEx(...) returned error code 5.
2024-06-11 10:08:03,059 [ERROR] LogOutputStream:75 - [STDERR_REDIRECT] 
2024-06-11 10:08:03,694 [INFO] MainUpdater:2873 - connection check result : 10
2024-06-11 10:08:03,694 [INFO] MainUpdater:290 - Updater Check For Update Now.
2024-06-11 10:08:03,694 [INFO] MicroXplorer:498 - Change Database Version : DB.6.0.111
2024-06-11 10:08:03,703 [INFO] McuFinderGlobals:63 - Set McuFinder mode to 2 (CubeIDE integrated)
2024-06-11 10:08:03,703 [INFO] UserAuth:179 - activating auth plugin
2024-06-11 10:08:03,705 [INFO] UserAuth:415 - Internet connection configuration mode: 1
2024-06-11 10:08:03,723 [INFO] JxBrowserEngine:152 - Initiate JxBrowser Engine with user profile folder
2024-06-11 10:08:03,731 [WARN] MainUpdater:1194 - Updater busy. Cannot search thirdparties
2024-06-11 10:08:03,731 [INFO] ThirdPartyUpdaterWithRetryManager:96 - Updater plugin is busy. [1/15]
2024-06-11 10:08:03,851 [INFO] CheckServerUpdateThread:120 - End of CheckServer Thread
2024-06-11 10:08:04,080 [INFO] WebApp:161 - Instantiating new browser for Auth
2024-06-11 10:08:04,371 [INFO] WebApp:779 - Register for checkConnection events
2024-06-11 10:08:04,371 [INFO] WebApp:414 - Apply proxy settings
2024-06-11 10:08:04,371 [INFO] WebApp:499 - Chromium requires no authentication
2024-06-11 10:08:04,375 [INFO] WebApp:442 - Direct internet connection detected
2024-06-11 10:08:04,459 [INFO] WebApp:192 - Starting web application
2024-06-11 10:08:04,459 [INFO] WebApp:544 - Web application path used C:\ST\STM32CubeIDE_1.15.0\STM32CubeIDE\plugins\com.st.stm32cube.common.mx_6.11.1.202404110753\db\plugins\mcufinder\reactClient1\index.html
2024-06-11 10:08:04,692 [ERROR] LogOutputStream:75 - [STDERR_REDIRECT] Jun 11, 2024 10:08:04 AM org.glassfish.grizzly.http.server.NetworkListener start
2024-06-11 10:08:04,693 [ERROR] LogOutputStream:75 - [STDERR_REDIRECT] INFO: Started listener bound to [localhost:1595]
2024-06-11 10:08:04,693 [ERROR] LogOutputStream:75 - [STDERR_REDIRECT] 
2024-06-11 10:08:04,694 [ERROR] LogOutputStream:75 - [STDERR_REDIRECT] Jun 11, 2024 10:08:04 AM org.glassfish.grizzly.http.server.HttpServer start
2024-06-11 10:08:04,694 [ERROR] LogOutputStream:75 - [STDERR_REDIRECT] INFO: [HttpServer] Started.
2024-06-11 10:08:04,694 [ERROR] LogOutputStream:75 - [STDERR_REDIRECT] 
2024-06-11 10:08:06,816 [WARN] PackLoader:240 - Cannot read IP mode file for STMicroelectronics.FP-SNS-MOTENVWB1.1.4.0
2024-06-11 10:08:06,822 [WARN] PackLoader:240 - Cannot read IP mode file for STMicroelectronics.X-CUBE-SMBUS.2.1.0
2024-06-11 10:08:06,827 [WARN] PackLoader:240 - Cannot read IP mode file for STMicroelectronics.X-CUBE-TOUCHGFX.4.23.2
2024-06-11 10:08:06,842 [WARN] PackLoader:240 - Cannot read IP mode file for STMicroelectronics.X-CUBE-AZRTOS-F7.1.1.0
2024-06-11 10:08:06,848 [WARN] PackLoader:240 - Cannot read IP mode file for STMicroelectronics.FP-SNS-FLIGHT1.5.0.2
2024-06-11 10:08:06,853 [WARN] PackLoader:240 - Cannot read IP mode file for STMicroelectronics.X-CUBE-DISPLAY.3.0.0
2024-06-11 10:08:06,861 [WARN] PackLoader:240 - Cannot read IP mode file for STMicroelectronics.X-CUBE-BLE1.7.0.0
2024-06-11 10:08:06,864 [WARN] PackLoader:240 - Cannot read IP mode file for emotas.I-CUBE-CANOPEN.1.3.0
2024-06-11 10:08:06,871 [WARN] PackLoader:240 - Cannot read IP mode file for STMicroelectronics.X-CUBE-BLEMGR.3.1.0
2024-06-11 10:08:06,875 [WARN] PackLoader:240 - Cannot read IP mode file for STMicroelectronics.FP-SNS-SMARTAG2.1.2.0
2024-06-11 10:08:06,881 [INFO] LogOutputStream:77 - [STDOUT_REDIRECT] 1 : Invalid condition id : UX_CORESTACK_Condition cause : null
2024-06-11 10:08:06,881 [INFO] LogOutputStream:77 - [STDOUT_REDIRECT] 1 : Invalid condition id : UX_CORESTACK_Condition cause : null
2024-06-11 10:08:06,881 [INFO] LogOutputStream:77 - [STDOUT_REDIRECT] 1 : Invalid condition id : UX_CORESTACK_Condition cause : null
2024-06-11 10:08:06,882 [INFO] LogOutputStream:77 - [STDOUT_REDIRECT] 1 : Invalid condition id : UX_CORESTACK_Condition cause : null
2024-06-11 10:08:06,882 [INFO] LogOutputStream:77 - [STDOUT_REDIRECT] 1 : Invalid condition id : UX_CORESTACK_Condition cause : null
2024-06-11 10:08:06,884 [WARN] PackLoader:240 - Cannot read IP mode file for STMicroelectronics.X-CUBE-AZRTOS-WL.2.0.0
2024-06-11 10:08:06,887 [WARN] PackLoader:240 - Cannot read IP mode file for STMicroelectronics.FP-SNS-MOTENV1.5.0.0
2024-06-11 10:08:06,892 [WARN] PackLoader:240 - Cannot read IP mode file for WES.I-CUBE-Cesium.1.3.0
2024-06-11 10:08:06,895 [WARN] PackLoader:240 - Cannot read IP mode file for STMicroelectronics.X-CUBE-BLE2.3.3.0
2024-06-11 10:08:06,898 [WARN] PackLoader:240 - Cannot read IP mode file for STMicroelectronics.X-CUBE-TCPP.4.1.0
2024-06-11 10:08:06,902 [WARN] PackLoader:240 - Cannot read IP mode file for STMicroelectronics.X-CUBE-ALGOBUILD.1.3.0
2024-06-11 10:08:06,915 [WARN] PackLoader:240 - Cannot read IP mode file for STMicroelectronics.X-CUBE-AZRTOS-G0.1.1.0
2024-06-11 10:08:06,921 [WARN] PackLoader:240 - Cannot read IP mode file for STMicroelectronics.X-CUBE-SAFEA1.1.2.2
2024-06-11 10:08:06,924 [WARN] PackLoader:240 - Cannot read IP mode file for STMicroelectronics.X-CUBE-NFC4.3.0.0
2024-06-11 10:08:06,926 [WARN] PackLoader:240 - Cannot read IP mode file for wolfSSL.I-CUBE-wolfMQTT.1.18.0
2024-06-11 10:08:06,928 [WARN] PackLoader:240 - Cannot read IP mode file for wolfSSL.I-CUBE-wolfSSL.5.7.0
2024-06-11 10:08:06,929 [WARN] PackLoader:240 - Cannot read IP mode file for STMicroelectronics.FP-ATR-SIGFOX1.3.2.0
2024-06-11 10:08:06,934 [WARN] PackLoader:240 - Cannot read IP mode file for STMicroelectronics.X-CUBE-EEPRMA1.5.1.0
2024-06-11 10:08:06,938 [WARN] PackLoader:240 - Cannot read IP mode file for ITTIA_DB.I-CUBE-ITTIADB.8.9.0
2024-06-11 10:08:06,955 [WARN] PackLoader:240 - Cannot read IP mode file for SEGGER.I-CUBE-embOS.1.3.1
2024-06-11 10:08:06,979 [WARN] PackLoader:240 - Cannot read IP mode file for STMicroelectronics.X-CUBE-ALGOBUILD.1.4.0
2024-06-11 10:08:06,983 [WARN] PackLoader:240 - Cannot read IP mode file for STMicroelectronics.X-CUBE-GNSS1.6.0.0
2024-06-11 10:08:06,992 [WARN] PackLoader:240 - Cannot read IP mode file for STMicroelectronics.X-CUBE-AZRTOS-F4.1.1.0
2024-06-11 10:08:06,997 [WARN] PackLoader:240 - Cannot read IP mode file for STMicroelectronics.X-CUBE-FREERTOS.1.2.0
2024-06-11 10:08:07,006 [WARN] PackLoader:240 - Cannot read IP mode file for STMicroelectronics.X-CUBE-AZRTOS-L5.2.0.0
2024-06-11 10:08:07,013 [WARN] PackLoader:240 - Cannot read IP mode file for STMicroelectronics.X-CUBE-NFC6.3.1.0
2024-06-11 10:08:07,016 [WARN] PackLoader:240 - Cannot read IP mode file for STMicroelectronics.X-CUBE-AI.9.0.0
2024-06-11 10:08:07,019 [WARN] PackLoader:240 - Cannot read IP mode file for STMicroelectronics.X-CUBE-NFC7.1.0.1
2024-06-11 10:08:07,021 [WARN] PackLoader:240 - Cannot read IP mode file for STMicroelectronics.X-CUBE-AI.8.1.0
2024-06-11 10:08:07,030 [WARN] ConditionMgr:438 - getConditionDescription Invalid condition id : LAN8742 Phy interface Condition cause : null
2024-06-11 10:08:07,031 [WARN] PackLoader:240 - Cannot read IP mode file for STMicroelectronics.X-CUBE-AZRTOS-L4.2.0.0
2024-06-11 10:08:07,032 [WARN] ConditionMgr:1039 - genDependencies : Invalid condition id : LAN8742 Phy interface Condition cause : null
2024-06-11 10:08:07,032 [WARN] ConditionMgr:1039 - genDependencies : Invalid condition id : LAN8742 Phy interface Condition cause : null
2024-06-11 10:08:07,033 [WARN] ConditionMgr:1039 - genDependencies : Invalid condition id : LAN8742 Phy interface Condition cause : null
2024-06-11 10:08:07,037 [WARN] PackLoader:240 - Cannot read IP mode file for STMicroelectronics.X-CUBE-SFXS2LP1.4.0.0
2024-06-11 10:08:07,044 [WARN] ConditionMgr:438 - getConditionDescription Invalid condition id : UX DEVICE CLASS RTOS Condition cause : null
2024-06-11 10:08:07,045 [WARN] ConditionMgr:438 - getConditionDescription Invalid condition id : UX DEVICE CLASS RTOS Condition cause : null
2024-06-11 10:08:07,046 [WARN] PackLoader:240 - Cannot read IP mode file for STMicroelectronics.X-CUBE-AZRTOS-WB.2.0.0
2024-06-11 10:08:07,046 [WARN] ConditionMgr:1039 - genDependencies : Invalid condition id : UX DEVICE CLASS RTOS Condition cause : null
2024-06-11 10:08:07,046 [WARN] ConditionMgr:1039 - genDependencies : Invalid condition id : UX DEVICE CLASS RTOS Condition cause : null
2024-06-11 10:08:07,046 [WARN] ConditionMgr:1039 - genDependencies : Invalid condition id : UX DEVICE CLASS RTOS Condition cause : null
2024-06-11 10:08:07,047 [WARN] ConditionMgr:1039 - genDependencies : Invalid condition id : UX DEVICE CLASS RTOS Condition cause : null
2024-06-11 10:08:07,047 [WARN] ConditionMgr:1039 - genDependencies : Invalid condition id : UX DEVICE CLASS RTOS Condition cause : null
2024-06-11 10:08:07,052 [WARN] PackLoader:240 - Cannot read IP mode file for STMicroelectronics.X-CUBE-SUBG2.5.0.0
2024-06-11 10:08:07,065 [WARN] PackLoader:240 - Cannot read IP mode file for STMicroelectronics.X-CUBE-AZRTOS-G4.2.0.0
2024-06-11 10:08:07,068 [WARN] PackLoader:240 - Cannot read IP mode file for STMicroelectronics.FP-SNS-MOTENVWB1.1.3.1
2024-06-11 10:08:07,071 [WARN] PackLoader:240 - Cannot read IP mode file for STMicroelectronics.X-CUBE-ISPU.2.0.0
2024-06-11 10:08:07,075 [WARN] PackLoader:240 - Cannot read IP mode file for STMicroelectronics.X-CUBE-ALS.1.0.2
2024-06-11 10:08:07,096 [WARN] PackLoader:240 - Cannot read IP mode file for STMicroelectronics.X-CUBE-MEMS1.10.0.0
2024-06-11 10:08:07,168 [WARN] PackLoader:240 - Cannot read IP mode file for STMicroelectronics.X-CUBE-FREERTOS.1.1.0
2024-06-11 10:08:07,172 [WARN] PackLoader:240 - Cannot read IP mode file for portGmbH.I-Cube-SoM-uGOAL.1.1.0
2024-06-11 10:08:07,174 [WARN] PackLoader:240 - Cannot read IP mode file for STMicroelectronics.X-CUBE-ALS.1.0.1
2024-06-11 10:08:07,183 [WARN] PackLoader:240 - Cannot read IP mode file for STMicroelectronics.X-CUBE-AZRTOS-H7RS.1.0.0
2024-06-11 10:08:07,186 [WARN] PackLoader:240 - Cannot read IP mode file for STMicroelectronics.FP-ATR-ASTRA1.2.0.0
2024-06-11 10:08:07,194 [WARN] PackLoader:240 - Cannot read IP mode file for STMicroelectronics.X-CUBE-TOF1.3.4.1
2024-06-11 10:08:07,209 [WARN] PackLoader:240 - Cannot read IP mode file for STMicroelectronics.X-CUBE-AZRTOS-H7.3.2.0
2024-06-11 10:08:07,217 [WARN] PackLoader:240 - Cannot read IP mode file for Infineon.AIROC-Wi-Fi-Bluetooth-STM32.1.6.0
2024-06-11 10:08:07,220 [INFO] ThirdParty:978 - Integrity check success = true
2024-06-11 10:08:07,220 [INFO] IntegrityCheckThread:100 - exiting critical section [integrity check]
2024-06-11 10:08:07,220 [INFO] IntegrityCheckThread:103 - End integrity checks thread
2024-06-11 10:41:44,874 [ERROR] LogOutputStream:75 - [STDERR_REDIRECT] 
